<html>
<head>
<title>TestNG:  Default test</title>
<link href="../testng.css" rel="stylesheet" type="text/css" />
<link href="../my-testng.css" rel="stylesheet" type="text/css" />

<style type="text/css">
.log { display: none;} 
.stack-trace { display: none;} 
</style>
<script type="text/javascript">
<!--
function flip(e) {
  current = e.style.display;
  if (current == 'block') {
    e.style.display = 'none';
    return 0;
  }
  else {
    e.style.display = 'block';
    return 1;
  }
}

function toggleBox(szDivId, elem, msg1, msg2)
{
  var res = -1;  if (document.getElementById) {
    res = flip(document.getElementById(szDivId));
  }
  else if (document.all) {
    // this is the way old msie versions work
    res = flip(document.all[szDivId]);
  }
  if(elem) {
    if(res == 0) elem.innerHTML = msg1; else elem.innerHTML = msg2;
  }

}

function toggleAllBoxes() {
  if (document.getElementsByTagName) {
    d = document.getElementsByTagName('div');
    for (i = 0; i < d.length; i++) {
      if (d[i].className == 'log') {
        flip(d[i]);
      }
    }
  }
}

// -->
</script>

</head>
<body>
<h2 align='center'>Default test</h2><table border='1' align="center">
<tr>
<td>Tests passed/Failed/Skipped:</td><td>2/1/0</td>
</tr><tr>
<td>Started on:</td><td>Wed Apr 23 21:35:24 IST 2025</td>
</tr>
<tr><td>Total time:</td><td>39 seconds (39554 ms)</td>
</tr><tr>
<td>Included groups:</td><td></td>
</tr><tr>
<td>Excluded groups:</td><td></td>
</tr>
</table><p/>
<small><i>(Hover the method name to see the test class name)</i></small><p/>
<table width='100%' border='1' class='invocation-failed'>
<tr><td colspan='4' align='center'><b>FAILED TESTS</b></td></tr>
<tr><td><b>Test method</b></td>
<td><b>Attribute(s)</b></td>
<td width="30%"><b>Exception</b></td>
<td width="10%"><b>Time (seconds)</b></td>
<td><b>Instance</b></td>
</tr>
<tr>
<td title='uiappfeatures.AmazonTestRunner.runScenario()'><b>runScenario</b><br>Test class: uiappfeatures.AmazonTestRunner<br>Test method: Runs Cucumber Scenarios<br>Parameters: "checkout the deal section", "Home page functionality"</td>
<td><div><pre>org.openqa.selenium.ElementClickInterceptedException: element click intercepted: Element &lt;a class=&quot;a-link-normal&quot; href=&quot;/b/?_encoding=UTF8&amp;amp;node=6802110031&amp;amp;pd_rd_w=wbKSI&amp;amp;content-id=amzn1.sym.33932505-c26f-4e86-8830-3d0a996c61c3&amp;amp;pf_rd_p=33932505-c26f-4e86-8830-3d0a996c61c3&amp;amp;pf_rd_r=BZC7MY06CGD7FHYWDGQ0&amp;amp;pd_rd_wg=t10R1&amp;amp;pd_rd_r=40421c9c-605f-4ace-99da-d48ced004e13&amp;amp;ref_=pd_hp_d_hero_unk&quot;&gt;...&lt;/a&gt; is not clickable at point (674, 344). Other element would receive the click: &lt;div id=&quot;gw-card-layout&quot; data-grid-breakpoint=&quot;ws&quot; data-flow-dir=&quot;h&quot; class=&quot;a-section a-spacing-none gw-card-layout&quot;&gt;...&lt;/div&gt;
  (Session info: chrome=130.0.6723.92)
Build info: version: &apos;4.30.0&apos;, revision: &apos;509c7f17cc*&apos;
System info: os.name: &apos;Windows 10&apos;, os.arch: &apos;amd64&apos;, os.version: &apos;10.0&apos;, java.version: &apos;17.0.3&apos;
Driver info: org.openqa.selenium.chrome.ChromeDriver
Command: [765394b3b1cbc02a542002b2e037be65, clickElement {id=f.62BD39B0BC8AC8341C7526A12B2500C6.d.F31A5033AED85BAD492DCBDACECC9849.e.120}]
Capabilities {acceptInsecureCerts: false, browserName: chrome, browserVersion: 130.0.6723.92, chrome: {chromedriverVersion: 130.0.6723.116 (6ac35f94ae3..., userDataDir: C:\Users\DELL\AppData\Local...}, fedcm:accounts: true, goog:chromeOptions: {debuggerAddress: localhost:49208}, networkConnectionEnabled: false, pageLoadStrategy: normal, platformName: windows, proxy: Proxy(), se:cdp: ws://localhost:49208/devtoo..., se:cdpVersion: 130.0.6723.92, setWindowRect: true, strictFileInteractability: false, timeouts: {implicit: 0, pageLoad: 300000, script: 30000}, unhandledPromptBehavior: dismiss and notify, webauthn:extension:credBlob: true, webauthn:extension:largeBlob: true, webauthn:extension:minPinLength: true, webauthn:extension:prf: true, webauthn:virtualAuthenticators: true}
Element: [[ChromeDriver: chrome on windows (765394b3b1cbc02a542002b2e037be65)] -&gt; xpath: //*[@alt=&apos;Daily essentials&apos;]/parent::a]
Session ID: 765394b3b1cbc02a542002b2e037be65
	at java.base/jdk.internal.reflect.NativeConstructorAccessorImpl.newInstance0(Native Method)
	at java.base/jdk.internal.reflect.NativeConstructorAccessorImpl.newInstance(NativeConstructorAccessorImpl.java:77)
	at java.base/jdk.internal.reflect.DelegatingConstructorAccessorImpl.newInstance(DelegatingConstructorAccessorImpl.java:45)
	at java.base/java.lang.reflect.Constructor.newInstanceWithCaller(Constructor.java:499)
	at java.base/java.lang.reflect.Constructor.newInstance(Constructor.java:480)
	at org.openqa.selenium.remote.ErrorCodec.decode(ErrorCodec.java:167)
	at org.openqa.selenium.remote.codec.w3c.W3CHttpResponseCodec.decode(W3CHttpResponseCodec.java:138)
	at org.openqa.selenium.remote.codec.w3c.W3CHttpResponseCodec.decode(W3CHttpResponseCodec.java:50)
	at org.openqa.selenium.remote.HttpCommandExecutor.execute(HttpCommandExecutor.java:215)
	at org.openqa.selenium.remote.service.DriverCommandExecutor.invokeExecute(DriverCommandExecutor.java:216)
	at org.openqa.selenium.remote.service.DriverCommandExecutor.execute(DriverCommandExecutor.java:174)
	at org.openqa.selenium.remote.RemoteWebDriver.execute(RemoteWebDriver.java:545)
	at org.openqa.selenium.remote.RemoteWebElement.execute(RemoteWebElement.java:223)
	at org.openqa.selenium.remote.RemoteWebElement.click(RemoteWebElement.java:76)
	at java.base/jdk.internal.reflect.NativeMethodAccessorImpl.invoke0(Native Method)
	at java.base/jdk.internal.reflect.NativeMethodAccessorImpl.invoke(NativeMethodAccessorImpl.java:77)
	at java.base/jdk.internal.reflect.DelegatingMethodAccessorImpl.invoke(DelegatingMethodAccessorImpl.java:43)
	at java.base/java.lang.reflect.Method.invoke(Method.java:568)
	at org.openqa.selenium.support.pagefactory.internal.LocatingElementHandler.invoke(LocatingElementHandler.java:51)
	at jdk.proxy2/jdk.proxy2.$Proxy25.click(Unknown Source)
	at pages.HomePage.checkoutDealsSection(HomePage.java:52)
	at uiappfeatures.HomePageSteps.user_clicks_on_deals(HomePageSteps.java:46)
	at ?.user clicks on deals(file:///F:/Desktop/VimanNagar/May%2021/ATT29MarchBDDCucumberBasics/src/test/resources/uiappfeatures/Homepage.feature:12)
</pre></div><a href='#' onClick='toggleBox("stack-trace108209958", this, "Click to show all stack frames", "Click to hide stack frames")'>Click to show all stack frames</a>
<div class='stack-trace' id='stack-trace108209958'><pre>org.openqa.selenium.ElementClickInterceptedException: element click intercepted: Element &lt;a class=&quot;a-link-normal&quot; href=&quot;/b/?_encoding=UTF8&amp;amp;node=6802110031&amp;amp;pd_rd_w=wbKSI&amp;amp;content-id=amzn1.sym.33932505-c26f-4e86-8830-3d0a996c61c3&amp;amp;pf_rd_p=33932505-c26f-4e86-8830-3d0a996c61c3&amp;amp;pf_rd_r=BZC7MY06CGD7FHYWDGQ0&amp;amp;pd_rd_wg=t10R1&amp;amp;pd_rd_r=40421c9c-605f-4ace-99da-d48ced004e13&amp;amp;ref_=pd_hp_d_hero_unk&quot;&gt;...&lt;/a&gt; is not clickable at point (674, 344). Other element would receive the click: &lt;div id=&quot;gw-card-layout&quot; data-grid-breakpoint=&quot;ws&quot; data-flow-dir=&quot;h&quot; class=&quot;a-section a-spacing-none gw-card-layout&quot;&gt;...&lt;/div&gt;
  (Session info: chrome=130.0.6723.92)
Build info: version: &apos;4.30.0&apos;, revision: &apos;509c7f17cc*&apos;
System info: os.name: &apos;Windows 10&apos;, os.arch: &apos;amd64&apos;, os.version: &apos;10.0&apos;, java.version: &apos;17.0.3&apos;
Driver info: org.openqa.selenium.chrome.ChromeDriver
Command: [765394b3b1cbc02a542002b2e037be65, clickElement {id=f.62BD39B0BC8AC8341C7526A12B2500C6.d.F31A5033AED85BAD492DCBDACECC9849.e.120}]
Capabilities {acceptInsecureCerts: false, browserName: chrome, browserVersion: 130.0.6723.92, chrome: {chromedriverVersion: 130.0.6723.116 (6ac35f94ae3..., userDataDir: C:\Users\DELL\AppData\Local...}, fedcm:accounts: true, goog:chromeOptions: {debuggerAddress: localhost:49208}, networkConnectionEnabled: false, pageLoadStrategy: normal, platformName: windows, proxy: Proxy(), se:cdp: ws://localhost:49208/devtoo..., se:cdpVersion: 130.0.6723.92, setWindowRect: true, strictFileInteractability: false, timeouts: {implicit: 0, pageLoad: 300000, script: 30000}, unhandledPromptBehavior: dismiss and notify, webauthn:extension:credBlob: true, webauthn:extension:largeBlob: true, webauthn:extension:minPinLength: true, webauthn:extension:prf: true, webauthn:virtualAuthenticators: true}
Element: [[ChromeDriver: chrome on windows (765394b3b1cbc02a542002b2e037be65)] -&gt; xpath: //*[@alt=&apos;Daily essentials&apos;]/parent::a]
Session ID: 765394b3b1cbc02a542002b2e037be65
	at java.base/jdk.internal.reflect.NativeConstructorAccessorImpl.newInstance0(Native Method)
	at java.base/jdk.internal.reflect.NativeConstructorAccessorImpl.newInstance(NativeConstructorAccessorImpl.java:77)
	at java.base/jdk.internal.reflect.DelegatingConstructorAccessorImpl.newInstance(DelegatingConstructorAccessorImpl.java:45)
	at java.base/java.lang.reflect.Constructor.newInstanceWithCaller(Constructor.java:499)
	at java.base/java.lang.reflect.Constructor.newInstance(Constructor.java:480)
	at org.openqa.selenium.remote.ErrorCodec.decode(ErrorCodec.java:167)
	at org.openqa.selenium.remote.codec.w3c.W3CHttpResponseCodec.decode(W3CHttpResponseCodec.java:138)
	at org.openqa.selenium.remote.codec.w3c.W3CHttpResponseCodec.decode(W3CHttpResponseCodec.java:50)
	at org.openqa.selenium.remote.HttpCommandExecutor.execute(HttpCommandExecutor.java:215)
	at org.openqa.selenium.remote.service.DriverCommandExecutor.invokeExecute(DriverCommandExecutor.java:216)
	at org.openqa.selenium.remote.service.DriverCommandExecutor.execute(DriverCommandExecutor.java:174)
	at org.openqa.selenium.remote.RemoteWebDriver.execute(RemoteWebDriver.java:545)
	at org.openqa.selenium.remote.RemoteWebElement.execute(RemoteWebElement.java:223)
	at org.openqa.selenium.remote.RemoteWebElement.click(RemoteWebElement.java:76)
	at java.base/jdk.internal.reflect.NativeMethodAccessorImpl.invoke0(Native Method)
	at java.base/jdk.internal.reflect.NativeMethodAccessorImpl.invoke(NativeMethodAccessorImpl.java:77)
	at java.base/jdk.internal.reflect.DelegatingMethodAccessorImpl.invoke(DelegatingMethodAccessorImpl.java:43)
	at java.base/java.lang.reflect.Method.invoke(Method.java:568)
	at org.openqa.selenium.support.pagefactory.internal.LocatingElementHandler.invoke(LocatingElementHandler.java:51)
	at jdk.proxy2/jdk.proxy2.$Proxy25.click(Unknown Source)
	at pages.HomePage.checkoutDealsSection(HomePage.java:52)
	at uiappfeatures.HomePageSteps.user_clicks_on_deals(HomePageSteps.java:46)
	at ?.user clicks on deals(file:///F:/Desktop/VimanNagar/May%2021/ATT29MarchBDDCucumberBasics/src/test/resources/uiappfeatures/Homepage.feature:12)
</pre></div></td>
<td>22</td>
<td>uiappfeatures.AmazonTestRunner@52719fb6</td></tr>
</table><p>
<table width='100%' border='1' class='invocation-passed'>
<tr><td colspan='4' align='center'><b>PASSED TESTS</b></td></tr>
<tr><td><b>Test method</b></td>
<td><b>Attribute(s)</b></td>
<td width="30%"><b>Exception</b></td>
<td width="10%"><b>Time (seconds)</b></td>
<td><b>Instance</b></td>
</tr>
<tr>
<td title='uiappfeatures.AmazonTestRunner.runScenario()'><b>runScenario</b><br>Test class: uiappfeatures.AmazonTestRunner<br>Test method: Runs Cucumber Scenarios<br>Parameters: "verify cart icon", "Home page functionality"</td>
<td></td>
<td>6</td>
<td>uiappfeatures.AmazonTestRunner@52719fb6</td></tr>
<tr>
<td title='uiappfeatures.AmazonTestRunner.runScenario()'><b>runScenario</b><br>Test class: uiappfeatures.AmazonTestRunner<br>Test method: Runs Cucumber Scenarios<br>Parameters: "verify title of page", "Home page functionality"</td>
<td></td>
<td>7</td>
<td>uiappfeatures.AmazonTestRunner@52719fb6</td></tr>
</table><p>
</body>
</html>