<?xml version="1.0" encoding="UTF-8"?>
<!-- Generated by org.testng.reporters.JUnitReportReporter -->
<testsuite hostname="DESKTOP-5EVK54D" failures="0" tests="3" name="uiappfeatures.AmazonTestRunner" time="36.014" errors="1" timestamp="2025-04-23T21:36:04 IST" skipped="0">
  <testcase classname="uiappfeatures.AmazonTestRunner" name="runScenario" time="6.118"/>
  <system-out/>
  <testcase classname="uiappfeatures.AmazonTestRunner" name="runScenario" time="22.158">
    <error message="element click intercepted: Element &lt;a class=&quot;a-link-normal&quot; href=&quot;/b/?_encoding=UTF8&amp;amp;node=6802110031&amp;amp;pd_rd_w=wbKSI&amp;amp;content-id=amzn1.sym.33932505-c26f-4e86-8830-3d0a996c61c3&amp;amp;pf_rd_p=33932505-c26f-4e86-8830-3d0a996c61c3&amp;amp;pf_rd_r=BZC7MY06CGD7FHYWDGQ0&amp;amp;pd_rd_wg=t10R1&amp;amp;pd_rd_r=40421c9c-605f-4ace-99da-d48ced004e13&amp;amp;ref_=pd_hp_d_hero_unk&quot;&gt;...&lt;/a&gt; is not clickable at point (674, 344). Other element would receive the click: &lt;div id=&quot;gw-card-layout&quot; data-grid-breakpoint=&quot;ws&quot; data-flow-dir=&quot;h&quot; class=&quot;a-section a-spacing-none gw-card-layout&quot;&gt;...&lt;/div&gt;
  (Session info: chrome=130.0.6723.92)
Build info: version: &#039;4.30.0&#039;, revision: &#039;509c7f17cc*&#039;
System info: os.name: &#039;Windows 10&#039;, os.arch: &#039;amd64&#039;, os.version: &#039;10.0&#039;, java.version: &#039;17.0.3&#039;
Driver info: org.openqa.selenium.chrome.ChromeDriver
Command: [765394b3b1cbc02a542002b2e037be65, clickElement {id=f.62BD39B0BC8AC8341C7526A12B2500C6.d.F31A5033AED85BAD492DCBDACECC9849.e.120}]
Capabilities {acceptInsecureCerts: false, browserName: chrome, browserVersion: 130.0.6723.92, chrome: {chromedriverVersion: 130.0.6723.116 (6ac35f94ae3..., userDataDir: C:\Users\DELL\AppData\Local...}, fedcm:accounts: true, goog:chromeOptions: {debuggerAddress: localhost:49208}, networkConnectionEnabled: false, pageLoadStrategy: normal, platformName: windows, proxy: Proxy(), se:cdp: ws://localhost:49208/devtoo..., se:cdpVersion: 130.0.6723.92, setWindowRect: true, strictFileInteractability: false, timeouts: {implicit: 0, pageLoad: 300000, script: 30000}, unhandledPromptBehavior: dismiss and notify, webauthn:extension:credBlob: true, webauthn:extension:largeBlob: true, webauthn:extension:minPinLength: true, webauthn:extension:prf: true, webauthn:virtualAuthenticators: true}
Element: [[ChromeDriver: chrome on windows (765394b3b1cbc02a542002b2e037be65)] -&gt; xpath: //*[@alt=&#039;Daily essentials&#039;]/parent::a]
Session ID: 765394b3b1cbc02a542002b2e037be65" type="org.openqa.selenium.ElementClickInterceptedException">
      <![CDATA[org.openqa.selenium.ElementClickInterceptedException: element click intercepted: Element <a class="a-link-normal" href="/b/?_encoding=UTF8&amp;node=6802110031&amp;pd_rd_w=wbKSI&amp;content-id=amzn1.sym.33932505-c26f-4e86-8830-3d0a996c61c3&amp;pf_rd_p=33932505-c26f-4e86-8830-3d0a996c61c3&amp;pf_rd_r=BZC7MY06CGD7FHYWDGQ0&amp;pd_rd_wg=t10R1&amp;pd_rd_r=40421c9c-605f-4ace-99da-d48ced004e13&amp;ref_=pd_hp_d_hero_unk">...</a> is not clickable at point (674, 344). Other element would receive the click: <div id="gw-card-layout" data-grid-breakpoint="ws" data-flow-dir="h" class="a-section a-spacing-none gw-card-layout">...</div>
  (Session info: chrome=130.0.6723.92)
Build info: version: '4.30.0', revision: '509c7f17cc*'
System info: os.name: 'Windows 10', os.arch: 'amd64', os.version: '10.0', java.version: '17.0.3'
Driver info: org.openqa.selenium.chrome.ChromeDriver
Command: [765394b3b1cbc02a542002b2e037be65, clickElement {id=f.62BD39B0BC8AC8341C7526A12B2500C6.d.F31A5033AED85BAD492DCBDACECC9849.e.120}]
Capabilities {acceptInsecureCerts: false, browserName: chrome, browserVersion: 130.0.6723.92, chrome: {chromedriverVersion: 130.0.6723.116 (6ac35f94ae3..., userDataDir: C:\Users\DELL\AppData\Local...}, fedcm:accounts: true, goog:chromeOptions: {debuggerAddress: localhost:49208}, networkConnectionEnabled: false, pageLoadStrategy: normal, platformName: windows, proxy: Proxy(), se:cdp: ws://localhost:49208/devtoo..., se:cdpVersion: 130.0.6723.92, setWindowRect: true, strictFileInteractability: false, timeouts: {implicit: 0, pageLoad: 300000, script: 30000}, unhandledPromptBehavior: dismiss and notify, webauthn:extension:credBlob: true, webauthn:extension:largeBlob: true, webauthn:extension:minPinLength: true, webauthn:extension:prf: true, webauthn:virtualAuthenticators: true}
Element: [[ChromeDriver: chrome on windows (765394b3b1cbc02a542002b2e037be65)] -> xpath: //*[@alt='Daily essentials']/parent::a]
Session ID: 765394b3b1cbc02a542002b2e037be65
at java.base/jdk.internal.reflect.NativeConstructorAccessorImpl.newInstance0(Native Method)
at java.base/jdk.internal.reflect.NativeConstructorAccessorImpl.newInstance(NativeConstructorAccessorImpl.java:77)
at java.base/jdk.internal.reflect.DelegatingConstructorAccessorImpl.newInstance(DelegatingConstructorAccessorImpl.java:45)
at java.base/java.lang.reflect.Constructor.newInstanceWithCaller(Constructor.java:499)
at java.base/java.lang.reflect.Constructor.newInstance(Constructor.java:480)
at org.openqa.selenium.remote.ErrorCodec.decode(ErrorCodec.java:167)
at org.openqa.selenium.remote.codec.w3c.W3CHttpResponseCodec.decode(W3CHttpResponseCodec.java:138)
at org.openqa.selenium.remote.codec.w3c.W3CHttpResponseCodec.decode(W3CHttpResponseCodec.java:50)
at org.openqa.selenium.remote.HttpCommandExecutor.execute(HttpCommandExecutor.java:215)
at org.openqa.selenium.remote.service.DriverCommandExecutor.invokeExecute(DriverCommandExecutor.java:216)
at org.openqa.selenium.remote.service.DriverCommandExecutor.execute(DriverCommandExecutor.java:174)
at org.openqa.selenium.remote.RemoteWebDriver.execute(RemoteWebDriver.java:545)
at org.openqa.selenium.remote.RemoteWebElement.execute(RemoteWebElement.java:223)
at org.openqa.selenium.remote.RemoteWebElement.click(RemoteWebElement.java:76)
at java.base/jdk.internal.reflect.NativeMethodAccessorImpl.invoke0(Native Method)
at java.base/jdk.internal.reflect.NativeMethodAccessorImpl.invoke(NativeMethodAccessorImpl.java:77)
at java.base/jdk.internal.reflect.DelegatingMethodAccessorImpl.invoke(DelegatingMethodAccessorImpl.java:43)
at java.base/java.lang.reflect.Method.invoke(Method.java:568)
at org.openqa.selenium.support.pagefactory.internal.LocatingElementHandler.invoke(LocatingElementHandler.java:51)
at jdk.proxy2/jdk.proxy2.$Proxy25.click(Unknown Source)
at pages.HomePage.checkoutDealsSection(HomePage.java:52)
at uiappfeatures.HomePageSteps.user_clicks_on_deals(HomePageSteps.java:46)
at âœ½.user clicks on deals(file:///F:/Desktop/VimanNagar/May%2021/ATT29MarchBDDCucumberBasics/src/test/resources/uiappfeatures/Homepage.feature:12)
]]>
    </error>
  </testcase> <!-- runScenario -->
  <system-out/>
  <testcase classname="uiappfeatures.AmazonTestRunner" name="runScenario" time="7.738"/>
  <system-out/>
</testsuite> <!-- uiappfeatures.AmazonTestRunner -->
